<?xml version="1.0" encoding="UTF-8"?>
<!-- Generated by org.testng.reporters.JUnitXMLReporter -->
<testsuite ignored="0" hostname="DESKTOP-CLFOQ6V" failures="1" tests="2" name="Test" time="25.559" errors="0" timestamp="2022-09-04T23:52:59 IST">
  <testcase classname="testCases.TC_001_AccountRegistration" name="test_account_registration" time="9.716">
    <failure type="java.lang.AssertionError" message="expected [true] but found [false]">
      <![CDATA[java.lang.AssertionError: expected [true] but found [false]
at testCases.TC_001_AccountRegistration.test_account_registration(TC_001_AccountRegistration.java:90)
at java.base/java.util.ArrayList.forEach(ArrayList.java:1511)
... Removed 31 stack frames]]>
    </failure>
  </testcase> <!-- test_account_registration -->
  <testcase classname="testCases.TC_002_Login" name="test_Login" time="7.264"/>
</testsuite> <!-- Test -->
