<?xml version="1.0" encoding="UTF-8"?>
<!-- Generated by org.testng.reporters.JUnitXMLReporter -->
<testsuite ignored="1" hostname="DESKTOP-CLFOQ6V" failures="0" tests="1" name="opencartTests" time="15.831" errors="0" timestamp="2022-09-04T19:26:09 IST">
  <testcase classname="testCases.TC_001_AccountRegistration" name="test_account_registration" time="9.751"/>
  <testcase classname="testCases.TC_002_Login" name="test_Login" time="0.0">
    <ignored/>
  </testcase> <!-- test_Login -->
</testsuite> <!-- opencartTests -->
